# JRE version: OpenJDK Runtime Environment Microsoft-8035246 (17.0.8+7) (build 17.0.8+7-LTS)
# Java VM: OpenJDK 64-Bit Server VM Microsoft-8035246 (17.0.8+7-LTS, mixed mode, sharing, tiered, compressed oops, compressed class ptrs, g1 gc, windows-amd64)
GC Precious Log:
 CPUs: 8 total, 8 available
 Memory: 16145M
 Large Page Support: Disabled
 NUMA Support: Disabled
 Compressed Oops: Enabled (32-bit)
 Heap Region Size: 1M
 Heap Min Capacity: 8M
 Heap Initial Capacity: 254M
 Heap Max Capacity: 2G
 Pre-touch: Disabled
 Parallel Workers: 8
 Concurrent Workers: 2
 Concurrent Refinement Workers: 8
 Periodic GC: Disabled
Heap:
 garbage-first heap   total 351232K, used 272659K [0x0000000080000000, 0x0000000100000000)
  region size 1024K, 50 young (51200K), 10 survivors (10240K)
 Metaspace       used 107079K, committed 108928K, reserved 557056K
  class space    used 15143K, committed 16000K, reserved 425984K
GC Heap History (20 events):
Event: 35.793 GC heap before
{Heap before GC invocations=39 (full 0):
 garbage-first heap   total 158720K, used 102484K [0x0000000080000000, 0x0000000100000000)
  region size 1024K, 7 young (7168K), 3 survivors (3072K)
 Metaspace       used 73680K, committed 74432K, reserved 491520K
  class space    used 10367K, committed 10688K, reserved 425984K
}
Event: 35.799 GC heap after
{Heap after GC invocations=40 (full 0):
 garbage-first heap   total 351232K, used 97569K [0x0000000080000000, 0x0000000100000000)
  region size 1024K, 1 young (1024K), 1 survivors (1024K)
 Metaspace       used 73680K, committed 74432K, reserved 491520K
  class space    used 10367K, committed 10688K, reserved 425984K
}
Event: 39.844 GC heap before
{Heap before GC invocations=40 (full 0):
 garbage-first heap   total 351232K, used 234785K [0x0000000080000000, 0x0000000100000000)
  region size 1024K, 135 young (138240K), 1 survivors (1024K)
 Metaspace       used 81378K, committed 82176K, reserved 557056K
  class space    used 11434K, committed 11776K, reserved 425984K
}
Event: 39.854 GC heap after
{Heap after GC invocations=41 (full 0):
 garbage-first heap   total 351232K, used 105324K [0x0000000080000000, 0x0000000100000000)
  region size 1024K, 9 young (9216K), 9 survivors (9216K)
 Metaspace       used 81378K, committed 82176K, reserved 557056K
  class space    used 11434K, committed 11776K, reserved 425984K
}
Event: 53.661 GC heap before
{Heap before GC invocations=41 (full 0):
 garbage-first heap   total 351232K, used 246636K [0x0000000080000000, 0x0000000100000000)
  region size 1024K, 147 young (150528K), 9 survivors (9216K)
 Metaspace       used 88926K, committed 89856K, reserved 557056K
  class space    used 12658K, committed 13120K, reserved 425984K
}
Event: 53.680 GC heap after
{Heap after GC invocations=42 (full 0):
 garbage-first heap   total 351232K, used 112929K [0x0000000080000000, 0x0000000100000000)
  region size 1024K, 16 young (16384K), 16 survivors (16384K)
 Metaspace       used 88926K, committed 89856K, reserved 557056K
  class space    used 12658K, committed 13120K, reserved 425984K
}
Event: 56.665 GC heap before
{Heap before GC invocations=42 (full 0):
 garbage-first heap   total 351232K, used 260385K [0x0000000080000000, 0x0000000100000000)
  region size 1024K, 160 young (163840K), 16 survivors (16384K)
 Metaspace       used 94621K, committed 95680K, reserved 557056K
  class space    used 13446K, committed 13888K, reserved 425984K
}
Event: 56.690 GC heap after
{Heap after GC invocations=43 (full 0):
 garbage-first heap   total 351232K, used 126728K [0x0000000080000000, 0x0000000100000000)
  region size 1024K, 20 young (20480K), 20 survivors (20480K)
 Metaspace       used 94621K, committed 95680K, reserved 557056K
  class space    used 13446K, committed 13888K, reserved 425984K
}
Event: 59.966 GC heap before
{Heap before GC invocations=43 (full 0):
 garbage-first heap   total 351232K, used 272136K [0x0000000080000000, 0x0000000100000000)
  region size 1024K, 154 young (157696K), 20 survivors (20480K)
 Metaspace       used 96574K, committed 97792K, reserved 557056K
  class space    used 13649K, committed 14144K, reserved 425984K
}
Event: 60.000 GC heap after
{Heap after GC invocations=44 (full 0):
 garbage-first heap   total 351232K, used 160768K [0x0000000080000000, 0x0000000100000000)
  region size 1024K, 20 young (20480K), 20 survivors (20480K)
 Metaspace       used 96574K, committed 97792K, reserved 557056K
  class space    used 13649K, committed 14144K, reserved 425984K
}
Event: 62.450 GC heap before
{Heap before GC invocations=44 (full 0):
 garbage-first heap   total 351232K, used 267264K [0x0000000080000000, 0x0000000100000000)
  region size 1024K, 124 young (126976K), 20 survivors (20480K)
 Metaspace       used 98330K, committed 99840K, reserved 557056K
  class space    used 13897K, committed 14592K, reserved 425984K
}
Event: 62.483 GC heap after
{Heap after GC invocations=45 (full 0):
 garbage-first heap   total 351232K, used 181760K [0x0000000080000000, 0x0000000100000000)
  region size 1024K, 16 young (16384K), 16 survivors (16384K)
 Metaspace       used 98330K, committed 99840K, reserved 557056K
  class space    used 13897K, committed 14592K, reserved 425984K
}
Event: 64.210 GC heap before
{Heap before GC invocations=45 (full 0):
 garbage-first heap   total 351232K, used 273920K [0x0000000080000000, 0x0000000100000000)
  region size 1024K, 103 young (105472K), 16 survivors (16384K)
 Metaspace       used 99857K, committed 101568K, reserved 557056K
  class space    used 14158K, committed 14912K, reserved 425984K
}
Event: 64.247 GC heap after
{Heap after GC invocations=46 (full 0):
 garbage-first heap   total 351232K, used 203776K [0x0000000080000000, 0x0000000100000000)
  region size 1024K, 13 young (13312K), 13 survivors (13312K)
 Metaspace       used 99857K, committed 101568K, reserved 557056K
  class space    used 14158K, committed 14912K, reserved 425984K
}
Event: 66.006 GC heap before
{Heap before GC invocations=46 (full 0):
 garbage-first heap   total 351232K, used 276480K [0x0000000080000000, 0x0000000100000000)
  region size 1024K, 84 young (86016K), 13 survivors (13312K)
 Metaspace       used 103811K, committed 105600K, reserved 557056K
  class space    used 14724K, committed 15488K, reserved 425984K
}
Event: 66.018 GC heap after
{Heap after GC invocations=47 (full 0):
 garbage-first heap   total 351232K, used 211502K [0x0000000080000000, 0x0000000100000000)
  region size 1024K, 6 young (6144K), 6 survivors (6144K)
 Metaspace       used 103811K, committed 105600K, reserved 557056K
  class space    used 14724K, committed 15488K, reserved 425984K
}
Event: 66.846 GC heap before
{Heap before GC invocations=47 (full 0):
 garbage-first heap   total 351232K, used 283182K [0x0000000080000000, 0x0000000100000000)
  region size 1024K, 76 young (77824K), 6 survivors (6144K)
 Metaspace       used 106470K, committed 108288K, reserved 557056K
  class space    used 15066K, committed 15872K, reserved 425984K
}
Event: 66.857 GC heap after
{Heap after GC invocations=48 (full 0):
 garbage-first heap   total 351232K, used 218112K [0x0000000080000000, 0x0000000100000000)
  region size 1024K, 10 young (10240K), 10 survivors (10240K)
 Metaspace       used 106470K, committed 108288K, reserved 557056K
  class space    used 15066K, committed 15872K, reserved 425984K
}
Event: 67.506 GC heap before
{Heap before GC invocations=48 (full 0):
 garbage-first heap   total 351232K, used 286720K [0x0000000080000000, 0x0000000100000000)
  region size 1024K, 77 young (78848K), 10 survivors (10240K)
 Metaspace       used 106676K, committed 108480K, reserved 557056K
  class space    used 15092K, committed 15872K, reserved 425984K
}
Event: 67.525 GC heap after
{Heap after GC invocations=49 (full 0):
 garbage-first heap   total 351232K, used 231699K [0x0000000080000000, 0x0000000100000000)
  region size 1024K, 10 young (10240K), 10 survivors (10240K)
 Metaspace       used 106676K, committed 108480K, reserved 557056K
  class space    used 15092K, committed 15872K, reserved 425984K
}

