# JRE version: OpenJDK Runtime Environment Microsoft-8035246 (17.0.8+7) (build 17.0.8+7-LTS)
# Java VM: OpenJDK 64-Bit Server VM Microsoft-8035246 (17.0.8+7-LTS, mixed mode, sharing, tiered, compressed oops, compressed class ptrs, g1 gc, windows-amd64)
GC Precious Log:
 CPUs: 8 total, 8 available
 Memory: 16145M
 Large Page Support: Disabled
 NUMA Support: Disabled
 Compressed Oops: Enabled (32-bit)
 Heap Region Size: 1M
 Heap Min Capacity: 8M
 Heap Initial Capacity: 254M
 Heap Max Capacity: 2G
 Pre-touch: Disabled
 Parallel Workers: 8
 Concurrent Workers: 2
 Concurrent Refinement Workers: 8
 Periodic GC: Disabled
Heap:
 garbage-first heap   total 178176K, used 138711K [0x0000000080000000, 0x0000000100000000)
  region size 1024K, 6 young (6144K), 3 survivors (3072K)
 Metaspace       used 97070K, committed 98176K, reserved 557056K
  class space    used 13708K, committed 14208K, reserved 425984K
GC Heap History (20 events):
Event: 44.190 GC heap before
{Heap before GC invocations=31 (full 0):
 garbage-first heap   total 178176K, used 147675K [0x0000000080000000, 0x0000000100000000)
  region size 1024K, 44 young (45056K), 5 survivors (5120K)
 Metaspace       used 83427K, committed 84352K, reserved 557056K
  class space    used 11635K, committed 12096K, reserved 425984K
}
Event: 44.194 GC heap after
{Heap after GC invocations=32 (full 0):
 garbage-first heap   total 178176K, used 109316K [0x0000000080000000, 0x0000000100000000)
  region size 1024K, 2 young (2048K), 2 survivors (2048K)
 Metaspace       used 83427K, committed 84352K, reserved 557056K
  class space    used 11635K, committed 12096K, reserved 425984K
}
Event: 44.563 GC heap before
{Heap before GC invocations=32 (full 0):
 garbage-first heap   total 178176K, used 149252K [0x0000000080000000, 0x0000000100000000)
  region size 1024K, 41 young (41984K), 2 survivors (2048K)
 Metaspace       used 85078K, committed 86016K, reserved 557056K
  class space    used 11870K, committed 12288K, reserved 425984K
}
Event: 44.567 GC heap after
{Heap after GC invocations=33 (full 0):
 garbage-first heap   total 178176K, used 112131K [0x0000000080000000, 0x0000000100000000)
  region size 1024K, 5 young (5120K), 5 survivors (5120K)
 Metaspace       used 85078K, committed 86016K, reserved 557056K
  class space    used 11870K, committed 12288K, reserved 425984K
}
Event: 45.092 GC heap before
{Heap before GC invocations=33 (full 0):
 garbage-first heap   total 178176K, used 148995K [0x0000000080000000, 0x0000000100000000)
  region size 1024K, 41 young (41984K), 5 survivors (5120K)
 Metaspace       used 86421K, committed 87360K, reserved 557056K
  class space    used 12052K, committed 12480K, reserved 425984K
}
Event: 45.097 GC heap after
{Heap after GC invocations=34 (full 0):
 garbage-first heap   total 178176K, used 114879K [0x0000000080000000, 0x0000000100000000)
  region size 1024K, 6 young (6144K), 6 survivors (6144K)
 Metaspace       used 86421K, committed 87360K, reserved 557056K
  class space    used 12052K, committed 12480K, reserved 425984K
}
Event: 45.601 GC heap before
{Heap before GC invocations=34 (full 0):
 garbage-first heap   total 178176K, used 150719K [0x0000000080000000, 0x0000000100000000)
  region size 1024K, 40 young (40960K), 6 survivors (6144K)
 Metaspace       used 88430K, committed 89408K, reserved 557056K
  class space    used 12355K, committed 12800K, reserved 425984K
}
Event: 45.606 GC heap after
{Heap after GC invocations=35 (full 0):
 garbage-first heap   total 178176K, used 116140K [0x0000000080000000, 0x0000000100000000)
  region size 1024K, 2 young (2048K), 2 survivors (2048K)
 Metaspace       used 88430K, committed 89408K, reserved 557056K
  class space    used 12355K, committed 12800K, reserved 425984K
}
Event: 46.035 GC heap before
{Heap before GC invocations=35 (full 0):
 garbage-first heap   total 178176K, used 151980K [0x0000000080000000, 0x0000000100000000)
  region size 1024K, 37 young (37888K), 2 survivors (2048K)
 Metaspace       used 90681K, committed 91648K, reserved 557056K
  class space    used 12826K, committed 13312K, reserved 425984K
}
Event: 46.038 GC heap after
{Heap after GC invocations=36 (full 0):
 garbage-first heap   total 178176K, used 116697K [0x0000000080000000, 0x0000000100000000)
  region size 1024K, 3 young (3072K), 3 survivors (3072K)
 Metaspace       used 90681K, committed 91648K, reserved 557056K
  class space    used 12826K, committed 13312K, reserved 425984K
}
Event: 46.484 GC heap before
{Heap before GC invocations=36 (full 0):
 garbage-first heap   total 178176K, used 151513K [0x0000000080000000, 0x0000000100000000)
  region size 1024K, 37 young (37888K), 3 survivors (3072K)
 Metaspace       used 92895K, committed 93888K, reserved 557056K
  class space    used 13133K, committed 13632K, reserved 425984K
}
Event: 46.488 GC heap after
{Heap after GC invocations=37 (full 0):
 garbage-first heap   total 178176K, used 118055K [0x0000000080000000, 0x0000000100000000)
  region size 1024K, 4 young (4096K), 4 survivors (4096K)
 Metaspace       used 92895K, committed 93888K, reserved 557056K
  class space    used 13133K, committed 13632K, reserved 425984K
}
Event: 46.837 GC heap before
{Heap before GC invocations=37 (full 0):
 garbage-first heap   total 178176K, used 152871K [0x0000000080000000, 0x0000000100000000)
  region size 1024K, 38 young (38912K), 4 survivors (4096K)
 Metaspace       used 93811K, committed 94848K, reserved 557056K
  class space    used 13270K, committed 13760K, reserved 425984K
}
Event: 46.844 GC heap after
{Heap after GC invocations=38 (full 0):
 garbage-first heap   total 178176K, used 121494K [0x0000000080000000, 0x0000000100000000)
  region size 1024K, 5 young (5120K), 5 survivors (5120K)
 Metaspace       used 93811K, committed 94848K, reserved 557056K
  class space    used 13270K, committed 13760K, reserved 425984K
}
Event: 47.007 GC heap before
{Heap before GC invocations=38 (full 0):
 garbage-first heap   total 178176K, used 152214K [0x0000000080000000, 0x0000000100000000)
  region size 1024K, 35 young (35840K), 5 survivors (5120K)
 Metaspace       used 94068K, committed 95168K, reserved 557056K
  class space    used 13313K, committed 13824K, reserved 425984K
}
Event: 47.011 GC heap after
{Heap after GC invocations=39 (full 0):
 garbage-first heap   total 178176K, used 123512K [0x0000000080000000, 0x0000000100000000)
  region size 1024K, 3 young (3072K), 3 survivors (3072K)
 Metaspace       used 94068K, committed 95168K, reserved 557056K
  class space    used 13313K, committed 13824K, reserved 425984K
}
Event: 47.407 GC heap before
{Heap before GC invocations=39 (full 0):
 garbage-first heap   total 178176K, used 152184K [0x0000000080000000, 0x0000000100000000)
  region size 1024K, 31 young (31744K), 3 survivors (3072K)
 Metaspace       used 96041K, committed 97216K, reserved 557056K
  class space    used 13548K, committed 14080K, reserved 425984K
}
Event: 47.412 GC heap after
{Heap after GC invocations=40 (full 0):
 garbage-first heap   total 178176K, used 126914K [0x0000000080000000, 0x0000000100000000)
  region size 1024K, 4 young (4096K), 4 survivors (4096K)
 Metaspace       used 96041K, committed 97216K, reserved 557056K
  class space    used 13548K, committed 14080K, reserved 425984K
}
Event: 47.790 GC heap before
{Heap before GC invocations=40 (full 0):
 garbage-first heap   total 178176K, used 151490K [0x0000000080000000, 0x0000000100000000)
  region size 1024K, 29 young (29696K), 4 survivors (4096K)
 Metaspace       used 96928K, committed 98048K, reserved 557056K
  class space    used 13708K, committed 14208K, reserved 425984K
}
Event: 47.795 GC heap after
{Heap after GC invocations=41 (full 0):
 garbage-first heap   total 178176K, used 132845K [0x0000000080000000, 0x0000000100000000)
  region size 1024K, 4 young (4096K), 4 survivors (4096K)
 Metaspace       used 96928K, committed 98048K, reserved 557056K
  class space    used 13708K, committed 14208K, reserved 425984K
}

